2025-09-24 18:33:19,158 - INFO - 🚀 开始生产级软体臂数据合成
2025-09-24 18:33:19,158 - INFO - 输出目录: /home/cx/AET_FOR_RL/vla/synthesized_data/soft_arm_morphology_synthesis
2025-09-24 18:33:19,178 - WARNING - 无法加载元数据: [Errno 2] No such file or directory: '/home/cx/AET_FOR_RL/vla/original_data/droid_100/meta/episodes/chunk-000/file-000.parquet'
2025-09-24 18:33:19,178 - INFO - 处理 46 个episodes
2025-09-24 18:33:19,178 - INFO - 每个episode生成 4 个配置: [2, 3, 4, 5]
2025-09-24 18:33:19,185 - INFO - 开始合成 Episode 0, 轨迹长度: 166
2025-09-24 18:33:22,401 - INFO -   2段: ✅ 成功率100.0%, 平滑度0.0079
2025-09-24 18:33:27,482 - INFO -   3段: ✅ 成功率100.0%, 平滑度0.0048
2025-09-24 18:33:34,095 - INFO -   4段: ✅ 成功率100.0%, 平滑度0.0036
2025-09-24 18:33:43,839 - INFO -   5段: ✅ 成功率100.0%, 平滑度0.0016
2025-09-24 18:33:43,839 - INFO - Episode 0 完成: 4/4 成功
2025-09-24 18:33:43,848 - INFO - 开始合成 Episode 1, 轨迹长度: 238
2025-09-24 18:33:46,373 - ERROR -   2段: ❌ 合成完全失败
2025-09-24 18:33:53,807 - INFO -   3段: ✅ 成功率100.0%, 平滑度0.0055
2025-09-24 18:34:03,655 - INFO -   4段: ✅ 成功率100.0%, 平滑度0.0062
2025-09-24 18:34:17,268 - INFO -   5段: ✅ 成功率100.0%, 平滑度0.0036
2025-09-24 18:34:17,269 - INFO - Episode 1 完成: 3/4 成功
2025-09-24 18:34:17,271 - WARNING - Episode 2 无数据，跳过
2025-09-24 18:34:17,271 - WARNING - Episode 3 无数据，跳过
2025-09-24 18:34:17,271 - WARNING - Episode 4 无数据，跳过
2025-09-24 18:34:17,272 - WARNING - Episode 5 无数据，跳过
2025-09-24 18:34:17,272 - WARNING - Episode 6 无数据，跳过
2025-09-24 18:34:17,272 - WARNING - Episode 7 无数据，跳过
2025-09-24 18:34:17,272 - WARNING - Episode 8 无数据，跳过
2025-09-24 18:34:17,272 - WARNING - Episode 9 无数据，跳过
2025-09-24 18:34:17,273 - WARNING - Episode 10 无数据，跳过
2025-09-24 18:34:17,273 - WARNING - Episode 11 无数据，跳过
2025-09-24 18:34:17,273 - WARNING - Episode 12 无数据，跳过
2025-09-24 18:34:17,273 - WARNING - Episode 13 无数据，跳过
2025-09-24 18:34:17,273 - WARNING - Episode 14 无数据，跳过
2025-09-24 18:34:17,274 - WARNING - Episode 15 无数据，跳过
2025-09-24 18:34:17,274 - WARNING - Episode 16 无数据，跳过
2025-09-24 18:34:17,274 - WARNING - Episode 17 无数据，跳过
2025-09-24 18:34:17,274 - WARNING - Episode 18 无数据，跳过
2025-09-24 18:34:17,274 - WARNING - Episode 19 无数据，跳过
2025-09-24 18:34:17,275 - WARNING - Episode 20 无数据，跳过
2025-09-24 18:34:17,275 - WARNING - Episode 21 无数据，跳过
2025-09-24 18:34:17,275 - WARNING - Episode 22 无数据，跳过
2025-09-24 18:34:17,275 - WARNING - Episode 23 无数据，跳过
2025-09-24 18:34:17,275 - WARNING - Episode 24 无数据，跳过
2025-09-24 18:34:17,275 - WARNING - Episode 25 无数据，跳过
2025-09-24 18:34:17,276 - WARNING - Episode 26 无数据，跳过
2025-09-24 18:34:17,276 - WARNING - Episode 27 无数据，跳过
2025-09-24 18:34:17,276 - WARNING - Episode 28 无数据，跳过
2025-09-24 18:34:17,276 - WARNING - Episode 29 无数据，跳过
2025-09-24 18:34:17,276 - WARNING - Episode 30 无数据，跳过
2025-09-24 18:34:17,276 - WARNING - Episode 31 无数据，跳过
2025-09-24 18:34:17,277 - WARNING - Episode 32 无数据，跳过
2025-09-24 18:34:17,277 - WARNING - Episode 33 无数据，跳过
2025-09-24 18:34:17,277 - WARNING - Episode 34 无数据，跳过
2025-09-24 18:34:17,277 - WARNING - Episode 35 无数据，跳过
2025-09-24 18:34:17,277 - WARNING - Episode 36 无数据，跳过
2025-09-24 18:34:17,278 - WARNING - Episode 37 无数据，跳过
2025-09-24 18:34:17,278 - WARNING - Episode 38 无数据，跳过
2025-09-24 18:34:17,278 - WARNING - Episode 39 无数据，跳过
2025-09-24 18:34:17,278 - WARNING - Episode 40 无数据，跳过
2025-09-24 18:34:17,278 - WARNING - Episode 41 无数据，跳过
2025-09-24 18:34:17,278 - WARNING - Episode 42 无数据，跳过
2025-09-24 18:34:17,279 - WARNING - Episode 43 无数据，跳过
2025-09-24 18:34:17,279 - WARNING - Episode 44 无数据，跳过
2025-09-24 18:34:17,279 - WARNING - Episode 45 无数据，跳过
2025-09-24 18:34:17,279 - INFO - 报告已生成: /home/cx/AET_FOR_RL/vla/synthesized_data/soft_arm_morphology_synthesis
2025-09-24 18:34:17,279 - INFO - 🎉 合成完成! 总成功率: 7/8 = 87.5%
2025-09-24 20:42:57,461 - INFO - 🚀 开始生产级软体臂数据合成
2025-09-24 20:42:57,461 - INFO - 输出目录: /home/cx/AET_FOR_RL/vla/synthesized_data/soft_arm_morphology_synthesis
2025-09-24 20:42:57,513 - WARNING - 无法加载元数据: [Errno 2] No such file or directory: '/home/cx/AET_FOR_RL/vla/original_data/droid_100/meta/episodes/chunk-000/file-000.parquet'
2025-09-24 20:42:57,513 - INFO - 处理 46 个episodes
2025-09-24 20:42:57,514 - INFO - 每个episode生成 4 个配置: [2, 3, 4, 5]
2025-09-24 20:42:57,521 - INFO - 开始合成 Episode 0, 轨迹长度: 166
2025-09-24 20:42:57,528 - ERROR -   2段: ❌ 合成完全失败
2025-09-24 20:43:03,168 - INFO -   3段: ✅ 成功率100.0%, 平滑度0.0042
2025-09-24 20:43:10,744 - INFO -   4段: ✅ 成功率100.0%, 平滑度0.0026
2025-09-24 20:43:21,440 - INFO -   5段: ✅ 成功率100.0%, 平滑度0.0019
2025-09-24 20:43:21,440 - INFO - Episode 0 完成: 3/4 成功
2025-09-24 20:43:21,453 - INFO - 开始合成 Episode 1, 轨迹长度: 238
2025-09-24 20:43:23,763 - ERROR -   2段: ❌ 合成完全失败
2025-09-24 20:43:29,985 - INFO -   3段: ✅ 成功率100.0%, 平滑度0.0064
2025-09-24 20:43:39,459 - INFO -   4段: ✅ 成功率100.0%, 平滑度0.0044
2025-09-24 20:43:53,606 - INFO -   5段: ✅ 成功率100.0%, 平滑度0.0023
2025-09-24 20:43:53,606 - INFO - Episode 1 完成: 3/4 成功
2025-09-24 20:43:53,612 - INFO - 开始合成 Episode 2, 轨迹长度: 142
2025-09-24 20:43:56,476 - INFO -   2段: ✅ 成功率100.0%, 平滑度0.0085
2025-09-24 20:44:01,596 - INFO -   3段: ✅ 成功率100.0%, 平滑度0.0059
2025-09-24 20:44:08,015 - INFO -   4段: ✅ 成功率100.0%, 平滑度0.0032
2025-09-24 20:44:18,051 - INFO -   5段: ✅ 成功率100.0%, 平滑度0.0043
2025-09-24 20:44:18,051 - INFO - Episode 2 完成: 4/4 成功
2025-09-24 20:44:18,060 - INFO - 开始合成 Episode 3, 轨迹长度: 205
2025-09-24 20:44:21,838 - INFO -   2段: ✅ 成功率100.0%, 平滑度0.0124
2025-09-24 20:44:28,362 - INFO -   3段: ✅ 成功率100.0%, 平滑度0.0050
2025-09-24 20:44:37,571 - INFO -   4段: ✅ 成功率100.0%, 平滑度0.0035
2025-09-24 20:44:49,739 - INFO -   5段: ✅ 成功率100.0%, 平滑度0.0018
2025-09-24 20:44:49,739 - INFO - Episode 3 完成: 4/4 成功
2025-09-24 20:44:49,749 - INFO - 开始合成 Episode 4, 轨迹长度: 213
2025-09-24 20:44:53,807 - INFO -   2段: ✅ 成功率100.0%, 平滑度0.0103
2025-09-24 20:45:00,398 - INFO -   3段: ✅ 成功率100.0%, 平滑度0.0035
2025-09-24 20:45:10,997 - INFO -   4段: ✅ 成功率100.0%, 平滑度0.0043
2025-09-24 20:45:23,803 - INFO -   5段: ✅ 成功率100.0%, 平滑度0.0024
2025-09-24 20:45:23,803 - INFO - Episode 4 完成: 4/4 成功
2025-09-24 20:45:23,808 - INFO - 开始合成 Episode 5, 轨迹长度: 87
2025-09-24 20:45:25,281 - INFO -   2段: ✅ 成功率100.0%, 平滑度0.0138
2025-09-24 20:45:27,803 - INFO -   3段: ✅ 成功率100.0%, 平滑度0.0064
2025-09-24 20:45:31,253 - INFO -   4段: ✅ 成功率100.0%, 平滑度0.0041
2025-09-24 20:45:36,088 - INFO -   5段: ✅ 成功率100.0%, 平滑度0.0031
2025-09-24 20:45:36,088 - INFO - Episode 5 完成: 4/4 成功
2025-09-24 20:45:36,095 - INFO - 开始合成 Episode 6, 轨迹长度: 181
2025-09-24 20:45:36,102 - ERROR -   2段: ❌ 合成完全失败
2025-09-24 20:45:41,299 - INFO -   3段: ✅ 成功率100.0%, 平滑度0.0038
2025-09-24 20:45:49,371 - INFO -   4段: ✅ 成功率100.0%, 平滑度0.0039
2025-09-24 20:46:00,426 - INFO -   5段: ✅ 成功率100.0%, 平滑度0.0025
2025-09-24 20:46:00,426 - INFO - Episode 6 完成: 3/4 成功
2025-09-24 20:46:00,446 - INFO - 开始合成 Episode 7, 轨迹长度: 596
2025-09-24 20:46:00,450 - ERROR -   2段: ❌ 合成完全失败
2025-09-24 20:46:16,697 - INFO -   3段: ✅ 成功率100.0%, 平滑度0.0039
2025-09-24 20:46:41,879 - INFO -   4段: ✅ 成功率100.0%, 平滑度0.0028
2025-09-24 20:47:14,741 - INFO -   5段: ✅ 成功率100.0%, 平滑度0.0020
2025-09-24 20:47:14,741 - INFO - Episode 7 完成: 3/4 成功
2025-09-24 20:47:14,746 - INFO - 开始合成 Episode 8, 轨迹长度: 114
2025-09-24 20:47:14,750 - ERROR -   2段: ❌ 合成完全失败
2025-09-24 20:47:14,762 - ERROR -   3段: ❌ 合成完全失败
2025-09-24 20:47:18,751 - INFO -   4段: ✅ 成功率100.0%, 平滑度0.0034
2025-09-24 20:47:26,058 - INFO -   5段: ✅ 成功率100.0%, 平滑度0.0038
2025-09-24 20:47:26,058 - INFO - Episode 8 完成: 2/4 成功
2025-09-24 20:47:26,073 - INFO - 开始合成 Episode 9, 轨迹长度: 360
2025-09-24 20:47:26,077 - ERROR -   2段: ❌ 合成完全失败
2025-09-24 20:47:26,102 - ERROR -   3段: ❌ 合成完全失败
2025-09-24 20:47:41,754 - INFO -   4段: ✅ 成功率100.0%, 平滑度0.0043
2025-09-24 20:48:04,461 - INFO -   5段: ✅ 成功率100.0%, 平滑度0.0039
2025-09-24 20:48:04,462 - INFO - Episode 9 完成: 2/4 成功
2025-09-24 20:48:04,474 - INFO - 开始合成 Episode 10, 轨迹长度: 357
2025-09-24 20:48:10,060 - INFO -   2段: ✅ 成功率100.0%, 平滑度0.0055
2025-09-24 20:48:19,390 - INFO -   3段: ✅ 成功率100.0%, 平滑度0.0065
2025-09-24 20:48:32,342 - INFO -   4段: ✅ 成功率100.0%, 平滑度0.0021
2025-09-24 20:48:53,241 - INFO -   5段: ✅ 成功率100.0%, 平滑度0.0016
2025-09-24 20:48:53,241 - INFO - Episode 10 完成: 4/4 成功
2025-09-24 20:48:53,259 - INFO - 开始合成 Episode 11, 轨迹长度: 404
2025-09-24 20:48:59,896 - INFO -   2段: ✅ 成功率100.0%, 平滑度0.0046
2025-09-24 20:49:12,159 - INFO -   3段: ✅ 成功率100.0%, 平滑度0.0029
2025-09-24 20:49:30,979 - INFO -   4段: ✅ 成功率100.0%, 平滑度0.0020
2025-09-24 20:49:53,165 - INFO -   5段: ✅ 成功率100.0%, 平滑度0.0008
2025-09-24 20:49:53,165 - INFO - Episode 11 完成: 4/4 成功
2025-09-24 20:49:53,173 - INFO - 开始合成 Episode 12, 轨迹长度: 214
2025-09-24 20:49:56,826 - INFO -   2段: ✅ 成功率100.0%, 平滑度0.0054
2025-09-24 20:50:02,059 - INFO -   3段: ✅ 成功率100.0%, 平滑度0.0037
2025-09-24 20:50:10,758 - INFO -   4段: ✅ 成功率100.0%, 平滑度0.0029
2025-09-24 20:50:22,203 - INFO -   5段: ✅ 成功率100.0%, 平滑度0.0025
2025-09-24 20:50:22,204 - INFO - Episode 12 完成: 4/4 成功
2025-09-24 20:50:22,212 - INFO - 开始合成 Episode 13, 轨迹长度: 196
2025-09-24 20:50:22,226 - ERROR -   2段: ❌ 合成完全失败
2025-09-24 20:50:28,032 - INFO -   3段: ✅ 成功率100.0%, 平滑度0.0075
2025-09-24 20:50:36,620 - INFO -   4段: ✅ 成功率100.0%, 平滑度0.0039
2025-09-24 20:50:48,121 - INFO -   5段: ✅ 成功率100.0%, 平滑度0.0039
2025-09-24 20:50:48,121 - INFO - Episode 13 完成: 3/4 成功
2025-09-24 20:50:48,137 - INFO - 开始合成 Episode 14, 轨迹长度: 355
2025-09-24 20:50:55,033 - INFO -   2段: ✅ 成功率100.0%, 平滑度0.0056
2025-09-24 20:51:04,579 - INFO -   3段: ✅ 成功率100.0%, 平滑度0.0024
2025-09-24 20:51:18,623 - INFO -   4段: ✅ 成功率100.0%, 平滑度0.0019
2025-09-24 20:51:40,928 - INFO -   5段: ✅ 成功率100.0%, 平滑度0.0011
2025-09-24 20:51:40,928 - INFO - Episode 14 完成: 4/4 成功
2025-09-24 20:51:40,937 - INFO - 开始合成 Episode 15, 轨迹长度: 231
2025-09-24 20:51:40,946 - ERROR -   2段: ❌ 合成完全失败
2025-09-24 20:51:47,281 - INFO -   3段: ✅ 成功率100.0%, 平滑度0.0030
2025-09-24 20:51:57,254 - INFO -   4段: ✅ 成功率100.0%, 平滑度0.0015
2025-09-24 20:52:09,915 - INFO -   5段: ✅ 成功率100.0%, 平滑度0.0013
2025-09-24 20:52:09,915 - INFO - Episode 15 完成: 3/4 成功
2025-09-24 20:52:09,923 - INFO - 开始合成 Episode 16, 轨迹长度: 173
2025-09-24 20:52:09,929 - ERROR -   2段: ❌ 合成完全失败
2025-09-24 20:52:15,562 - INFO -   3段: ✅ 成功率100.0%, 平滑度0.0042
2025-09-24 20:52:23,522 - INFO -   4段: ✅ 成功率100.0%, 平滑度0.0030
2025-09-24 20:52:33,291 - INFO -   5段: ✅ 成功率100.0%, 平滑度0.0024
2025-09-24 20:52:33,291 - INFO - Episode 16 完成: 3/4 成功
2025-09-24 20:52:33,301 - INFO - 开始合成 Episode 17, 轨迹长度: 264
2025-09-24 20:52:35,230 - ERROR -   2段: ❌ 合成完全失败
2025-09-24 20:52:39,571 - ERROR -   3段: ❌ 合成完全失败
2025-09-24 20:52:45,752 - ERROR -   4段: ❌ 合成完全失败
2025-09-24 20:53:24,939 - INFO - 🚀 开始生产级软体臂数据合成
2025-09-24 20:53:24,939 - INFO - 输出目录: /home/cx/AET_FOR_RL/vla/synthesized_data/soft_arm_morphology_synthesis
2025-09-24 20:53:24,998 - WARNING - 无法加载元数据: [Errno 2] No such file or directory: '/home/cx/AET_FOR_RL/vla/original_data/droid_100/meta/episodes/chunk-000/file-000.parquet'
2025-09-24 20:53:24,998 - INFO - 处理 46 个episodes
2025-09-24 20:53:24,998 - INFO - 每个episode生成 4 个配置: [2, 3, 4, 5]
2025-09-24 20:53:25,006 - INFO - 开始合成 Episode 0, 轨迹长度: 166
2025-09-24 20:53:28,117 - INFO -   2段: ✅ 成功率100.0%, 平滑度0.0090
2025-09-24 20:53:32,850 - INFO -   3段: ✅ 成功率100.0%, 平滑度0.0051
2025-09-24 20:53:38,877 - INFO -   4段: ✅ 成功率100.0%, 平滑度0.0034
2025-09-24 20:53:47,332 - INFO -   5段: ✅ 成功率100.0%, 平滑度0.0016
2025-09-24 20:53:47,332 - INFO - Episode 0 完成: 4/4 成功
2025-09-24 20:53:47,341 - INFO - 开始合成 Episode 1, 轨迹长度: 238
2025-09-24 20:53:49,874 - ERROR -   2段: ❌ 合成完全失败
2025-09-24 20:53:49,885 - ERROR -   3段: ❌ 合成完全失败
2025-09-24 20:53:59,026 - INFO -   4段: ✅ 成功率100.0%, 平滑度0.0034
2025-09-24 20:54:15,546 - INFO -   5段: ✅ 成功率100.0%, 平滑度0.0036
2025-09-24 20:54:15,546 - INFO - Episode 1 完成: 2/4 成功
2025-09-24 20:54:15,554 - INFO - 开始合成 Episode 2, 轨迹长度: 142
2025-09-24 20:54:18,531 - INFO -   2段: ✅ 成功率100.0%, 平滑度0.0118
2025-09-24 20:54:22,875 - INFO -   3段: ✅ 成功率100.0%, 平滑度0.0036
2025-09-24 20:54:28,486 - INFO -   4段: ✅ 成功率100.0%, 平滑度0.0024
2025-09-24 20:54:38,656 - INFO -   5段: ✅ 成功率100.0%, 平滑度0.0057
2025-09-24 20:54:38,656 - INFO - Episode 2 完成: 4/4 成功
2025-09-24 20:54:38,663 - INFO - 开始合成 Episode 3, 轨迹长度: 205
2025-09-24 20:54:38,667 - ERROR -   2段: ❌ 合成完全失败
2025-09-24 20:54:45,047 - INFO -   3段: ✅ 成功率100.0%, 平滑度0.0070
2025-09-24 20:54:54,122 - INFO -   4段: ✅ 成功率100.0%, 平滑度0.0035
2025-09-24 20:55:09,069 - INFO -   5段: ✅ 成功率100.0%, 平滑度0.0020
2025-09-24 20:55:09,069 - INFO - Episode 3 完成: 3/4 成功
2025-09-24 20:55:09,079 - INFO - 开始合成 Episode 4, 轨迹长度: 213
2025-09-24 20:55:12,798 - INFO -   2段: ✅ 成功率100.0%, 平滑度0.0092
2025-09-24 20:55:18,535 - INFO -   3段: ✅ 成功率100.0%, 平滑度0.0044
2025-09-24 20:55:25,926 - INFO -   4段: ✅ 成功率100.0%, 平滑度0.0023
2025-09-24 20:55:37,086 - INFO -   5段: ✅ 成功率100.0%, 平滑度0.0019
2025-09-24 20:55:37,086 - INFO - Episode 4 完成: 4/4 成功
2025-09-24 20:55:37,090 - INFO - 开始合成 Episode 5, 轨迹长度: 87
2025-09-24 20:55:37,101 - ERROR -   2段: ❌ 合成完全失败
2025-09-24 20:55:39,916 - INFO -   3段: ✅ 成功率100.0%, 平滑度0.0058
2025-09-24 20:55:43,678 - INFO -   4段: ✅ 成功率100.0%, 平滑度0.0060
2025-09-24 20:55:49,881 - INFO -   5段: ✅ 成功率100.0%, 平滑度0.0034
2025-09-24 20:55:49,881 - INFO - Episode 5 完成: 3/4 成功
2025-09-24 20:55:49,890 - INFO - 开始合成 Episode 6, 轨迹长度: 181
2025-09-24 20:55:53,634 - INFO -   2段: ✅ 成功率100.0%, 平滑度0.0103
2025-09-24 20:55:55,491 - ERROR -   3段: ❌ 合成完全失败
2025-09-24 20:56:04,098 - INFO -   4段: ✅ 成功率100.0%, 平滑度0.0058
2025-09-24 20:56:15,171 - INFO -   5段: ✅ 成功率100.0%, 平滑度0.0028
2025-09-24 20:56:15,171 - INFO - Episode 6 完成: 3/4 成功
2025-09-24 20:56:15,194 - INFO - 开始合成 Episode 7, 轨迹长度: 596
2025-09-24 20:56:25,374 - INFO -   2段: ✅ 成功率100.0%, 平滑度0.0068
2025-09-24 20:56:39,472 - INFO -   3段: ✅ 成功率100.0%, 平滑度0.0047
2025-09-24 20:57:06,281 - INFO -   4段: ✅ 成功率100.0%, 平滑度0.0038
2025-09-24 20:57:36,418 - INFO -   5段: ✅ 成功率100.0%, 平滑度0.0017
2025-09-24 20:57:36,418 - INFO - Episode 7 完成: 4/4 成功
2025-09-24 20:57:36,424 - INFO - 开始合成 Episode 8, 轨迹长度: 114
2025-09-24 20:57:38,505 - INFO -   2段: ✅ 成功率100.0%, 平滑度0.0089
2025-09-24 20:57:41,729 - INFO -   3段: ✅ 成功率100.0%, 平滑度0.0054
2025-09-24 20:57:47,000 - INFO -   4段: ✅ 成功率100.0%, 平滑度0.0068
2025-09-24 20:57:53,942 - INFO -   5段: ✅ 成功率100.0%, 平滑度0.0049
2025-09-24 20:57:53,942 - INFO - Episode 8 完成: 4/4 成功
2025-09-24 20:57:53,957 - INFO - 开始合成 Episode 9, 轨迹长度: 360
2025-09-24 20:57:57,245 - ERROR -   2段: ❌ 合成完全失败
2025-09-24 20:57:57,256 - ERROR -   3段: ❌ 合成完全失败
2025-09-24 20:58:13,264 - INFO -   4段: ✅ 成功率100.0%, 平滑度0.0047
2025-09-24 20:58:32,747 - INFO -   5段: ✅ 成功率100.0%, 平滑度0.0022
2025-09-24 20:58:32,747 - INFO - Episode 9 完成: 2/4 成功
2025-09-24 20:58:32,759 - INFO - 开始合成 Episode 10, 轨迹长度: 357
2025-09-24 20:58:38,794 - INFO -   2段: ✅ 成功率100.0%, 平滑度0.0052
2025-09-24 20:58:48,353 - INFO -   3段: ✅ 成功率100.0%, 平滑度0.0037
2025-09-24 20:59:04,092 - INFO -   4段: ✅ 成功率100.0%, 平滑度0.0036
2025-09-24 20:59:21,607 - INFO -   5段: ✅ 成功率100.0%, 平滑度0.0022
2025-09-24 20:59:21,607 - INFO - Episode 10 完成: 4/4 成功
2025-09-24 20:59:21,621 - INFO - 开始合成 Episode 11, 轨迹长度: 404
2025-09-24 20:59:28,629 - INFO -   2段: ✅ 成功率100.0%, 平滑度0.0049
2025-09-24 20:59:39,948 - INFO -   3段: ✅ 成功率100.0%, 平滑度0.0028
2025-09-24 20:59:56,925 - INFO -   4段: ✅ 成功率100.0%, 平滑度0.0035
2025-09-24 21:00:17,102 - INFO -   5段: ✅ 成功率100.0%, 平滑度0.0017
2025-09-24 21:00:17,102 - INFO - Episode 11 完成: 4/4 成功
2025-09-24 21:00:17,110 - INFO - 开始合成 Episode 12, 轨迹长度: 214
2025-09-24 21:00:21,004 - INFO -   2段: ✅ 成功率100.0%, 平滑度0.0059
2025-09-24 21:00:21,015 - ERROR -   3段: ❌ 合成完全失败
2025-09-24 21:00:29,677 - INFO -   4段: ✅ 成功率100.0%, 平滑度0.0037
2025-09-24 21:00:40,966 - INFO -   5段: ✅ 成功率100.0%, 平滑度0.0023
2025-09-24 21:00:40,966 - INFO - Episode 12 完成: 3/4 成功
2025-09-24 21:00:40,974 - INFO - 开始合成 Episode 13, 轨迹长度: 196
2025-09-24 21:00:44,299 - INFO -   2段: ✅ 成功率100.0%, 平滑度0.0099
2025-09-24 21:00:49,427 - INFO -   3段: ✅ 成功率100.0%, 平滑度0.0060
2025-09-24 21:00:57,208 - INFO -   4段: ✅ 成功率100.0%, 平滑度0.0027
2025-09-24 21:01:07,715 - INFO -   5段: ✅ 成功率100.0%, 平滑度0.0027
2025-09-24 21:01:07,715 - INFO - Episode 13 完成: 4/4 成功
2025-09-24 21:01:07,728 - INFO - 开始合成 Episode 14, 轨迹长度: 355
2025-09-24 21:01:13,735 - INFO -   2段: ✅ 成功率100.0%, 平滑度0.0057
2025-09-24 21:01:25,362 - INFO -   3段: ✅ 成功率100.0%, 平滑度0.0041
2025-09-24 21:01:40,614 - INFO -   4段: ✅ 成功率100.0%, 平滑度0.0023
2025-09-24 21:01:59,776 - INFO -   5段: ✅ 成功率100.0%, 平滑度0.0012
2025-09-24 21:01:59,777 - INFO - Episode 14 完成: 4/4 成功
2025-09-24 21:01:59,785 - INFO - 开始合成 Episode 15, 轨迹长度: 231
2025-09-24 21:02:02,863 - INFO -   2段: ✅ 成功率100.0%, 平滑度0.0082
2025-09-24 21:02:09,107 - INFO -   3段: ✅ 成功率100.0%, 平滑度0.0026
2025-09-24 21:02:18,046 - INFO -   4段: ✅ 成功率100.0%, 平滑度0.0018
2025-09-24 21:02:31,790 - INFO -   5段: ✅ 成功率100.0%, 平滑度0.0015
2025-09-24 21:02:31,790 - INFO - Episode 15 完成: 4/4 成功
2025-09-24 21:02:31,796 - INFO - 开始合成 Episode 16, 轨迹长度: 173
2025-09-24 21:02:34,504 - INFO -   2段: ✅ 成功率100.0%, 平滑度0.0089
2025-09-24 21:02:35,556 - ERROR -   3段: ❌ 合成完全失败
2025-09-24 21:02:41,968 - INFO -   4段: ✅ 成功率100.0%, 平滑度0.0029
2025-09-24 21:02:51,721 - INFO -   5段: ✅ 成功率100.0%, 平滑度0.0031
2025-09-24 21:02:51,721 - INFO - Episode 16 完成: 3/4 成功
2025-09-24 21:02:51,729 - INFO - 开始合成 Episode 17, 轨迹长度: 264
2025-09-24 21:02:54,117 - ERROR -   2段: ❌ 合成完全失败
2025-09-24 21:03:01,299 - INFO -   3段: ✅ 成功率100.0%, 平滑度0.0075
2025-09-24 21:03:13,706 - INFO -   4段: ✅ 成功率100.0%, 平滑度0.0048
2025-09-24 21:03:29,022 - INFO -   5段: ✅ 成功率100.0%, 平滑度0.0027
2025-09-24 21:03:29,023 - INFO - Episode 17 完成: 3/4 成功
2025-09-24 21:03:29,030 - INFO - 开始合成 Episode 18, 轨迹长度: 190
2025-09-24 21:03:32,142 - INFO -   2段: ✅ 成功率100.0%, 平滑度0.0104
2025-09-24 21:03:36,848 - INFO -   3段: ✅ 成功率100.0%, 平滑度0.0047
2025-09-24 21:03:44,379 - INFO -   4段: ✅ 成功率100.0%, 平滑度0.0033
2025-09-24 21:03:55,684 - INFO -   5段: ✅ 成功率100.0%, 平滑度0.0022
2025-09-24 21:03:55,684 - INFO - Episode 18 完成: 4/4 成功
2025-09-24 21:03:55,690 - INFO - 开始合成 Episode 19, 轨迹长度: 171
2025-09-24 21:03:58,307 - INFO -   2段: ✅ 成功率100.0%, 平滑度0.0129
2025-09-24 21:04:03,580 - INFO -   3段: ✅ 成功率100.0%, 平滑度0.0062
2025-09-24 21:04:11,207 - INFO -   4段: ✅ 成功率100.0%, 平滑度0.0041
2025-09-24 21:04:21,159 - INFO -   5段: ✅ 成功率100.0%, 平滑度0.0029
2025-09-24 21:04:21,159 - INFO - Episode 19 完成: 4/4 成功
2025-09-24 21:04:21,165 - INFO - 开始合成 Episode 20, 轨迹长度: 189
2025-09-24 21:04:24,171 - INFO -   2段: ✅ 成功率100.0%, 平滑度0.0071
2025-09-24 21:04:24,186 - ERROR -   3段: ❌ 合成完全失败
2025-09-24 21:04:31,908 - INFO -   4段: ✅ 成功率100.0%, 平滑度0.0030
2025-09-24 21:04:42,839 - INFO -   5段: ✅ 成功率100.0%, 平滑度0.0021
2025-09-24 21:04:42,839 - INFO - Episode 20 完成: 3/4 成功
2025-09-24 21:04:42,844 - INFO - 开始合成 Episode 21, 轨迹长度: 92
2025-09-24 21:04:44,255 - INFO -   2段: ✅ 成功率100.0%, 平滑度0.0099
2025-09-24 21:04:46,585 - INFO -   3段: ✅ 成功率100.0%, 平滑度0.0147
2025-09-24 21:04:50,391 - INFO -   4段: ✅ 成功率100.0%, 平滑度0.0065
2025-09-24 21:04:56,081 - INFO -   5段: ✅ 成功率100.0%, 平滑度0.0029
2025-09-24 21:04:56,081 - INFO - Episode 21 完成: 4/4 成功
2025-09-24 21:04:56,090 - INFO - 开始合成 Episode 22, 轨迹长度: 213
2025-09-24 21:04:59,652 - INFO -   2段: ✅ 成功率100.0%, 平滑度0.0165
2025-09-24 21:05:05,983 - INFO -   3段: ✅ 成功率100.0%, 平滑度0.0046
2025-09-24 21:05:15,042 - INFO -   4段: ✅ 成功率100.0%, 平滑度0.0030
2025-09-24 21:05:27,007 - INFO -   5段: ✅ 成功率100.0%, 平滑度0.0031
2025-09-24 21:05:27,007 - INFO - Episode 22 完成: 4/4 成功
2025-09-24 21:05:27,016 - INFO - 开始合成 Episode 23, 轨迹长度: 248
2025-09-24 21:05:30,799 - INFO -   2段: ✅ 成功率100.0%, 平滑度0.0063
2025-09-24 21:05:37,320 - INFO -   3段: ✅ 成功率100.0%, 平滑度0.0019
2025-09-24 21:05:45,710 - INFO -   4段: ✅ 成功率100.0%, 平滑度0.0019
2025-09-24 21:05:59,908 - INFO -   5段: ✅ 成功率100.0%, 平滑度0.0019
2025-09-24 21:05:59,908 - INFO - Episode 23 完成: 4/4 成功
2025-09-24 21:05:59,944 - INFO - 开始合成 Episode 24, 轨迹长度: 1066
2025-09-24 21:06:08,250 - ERROR -   2段: ❌ 合成完全失败
2025-09-24 21:06:38,886 - INFO -   3段: ✅ 成功率100.0%, 平滑度0.0095
2025-09-24 21:07:24,597 - INFO -   4段: ✅ 成功率100.0%, 平滑度0.0078
2025-09-24 21:08:25,593 - INFO -   5段: ✅ 成功率100.0%, 平滑度0.0032
2025-09-24 21:08:25,593 - INFO - Episode 24 完成: 3/4 成功
2025-09-24 21:08:25,611 - INFO - 开始合成 Episode 25, 轨迹长度: 558
2025-09-24 21:08:34,860 - INFO -   2段: ✅ 成功率100.0%, 平滑度0.0039
2025-09-24 21:08:52,228 - INFO -   3段: ✅ 成功率100.0%, 平滑度0.0022
2025-09-24 21:09:15,514 - INFO -   4段: ✅ 成功率100.0%, 平滑度0.0013
2025-09-24 21:09:50,055 - INFO -   5段: ✅ 成功率100.0%, 平滑度0.0011
2025-09-24 21:09:50,055 - INFO - Episode 25 完成: 4/4 成功
2025-09-24 21:09:50,060 - INFO - 开始合成 Episode 26, 轨迹长度: 119
2025-09-24 21:09:52,484 - INFO -   2段: ✅ 成功率100.0%, 平滑度0.0145
2025-09-24 21:09:55,904 - INFO -   3段: ✅ 成功率100.0%, 平滑度0.0067
2025-09-24 21:10:00,981 - INFO -   4段: ✅ 成功率100.0%, 平滑度0.0048
2025-09-24 21:10:07,089 - INFO -   5段: ✅ 成功率100.0%, 平滑度0.0042
2025-09-24 21:10:07,089 - INFO - Episode 26 完成: 4/4 成功
2025-09-24 21:10:07,101 - INFO - 开始合成 Episode 27, 轨迹长度: 366
2025-09-24 21:10:13,235 - INFO -   2段: ✅ 成功率100.0%, 平滑度0.0032
2025-09-24 21:10:22,683 - INFO -   3段: ✅ 成功率100.0%, 平滑度0.0014
2025-09-24 21:10:36,701 - INFO -   4段: ✅ 成功率100.0%, 平滑度0.0022
2025-09-24 21:10:56,891 - INFO -   5段: ✅ 成功率100.0%, 平滑度0.0009
2025-09-24 21:10:56,891 - INFO - Episode 27 完成: 4/4 成功
2025-09-24 21:10:56,904 - INFO - 开始合成 Episode 28, 轨迹长度: 398
2025-09-24 21:11:03,100 - INFO -   2段: ✅ 成功率100.0%, 平滑度0.0043
2025-09-24 21:11:15,007 - INFO -   3段: ✅ 成功率100.0%, 平滑度0.0041
2025-09-24 21:11:31,467 - INFO -   4段: ✅ 成功率100.0%, 平滑度0.0026
2025-09-24 21:11:54,764 - INFO -   5段: ✅ 成功率100.0%, 平滑度0.0013
2025-09-24 21:11:54,765 - INFO - Episode 28 完成: 4/4 成功
2025-09-24 21:11:54,775 - INFO - 开始合成 Episode 29, 轨迹长度: 227
2025-09-24 21:11:58,510 - INFO -   2段: ✅ 成功率100.0%, 平滑度0.0071
2025-09-24 21:12:05,100 - INFO -   3段: ✅ 成功率100.0%, 平滑度0.0045
2025-09-24 21:12:13,176 - INFO -   4段: ✅ 成功率100.0%, 平滑度0.0022
2025-09-24 21:12:25,449 - INFO -   5段: ✅ 成功率100.0%, 平滑度0.0032
2025-09-24 21:12:25,449 - INFO - Episode 29 完成: 4/4 成功
2025-09-24 21:12:25,462 - INFO - 开始合成 Episode 30, 轨迹长度: 361
2025-09-24 21:12:31,611 - INFO -   2段: ✅ 成功率100.0%, 平滑度0.0053
2025-09-24 21:12:31,630 - ERROR -   3段: ❌ 合成完全失败
2025-09-24 21:12:44,813 - INFO -   4段: ✅ 成功率100.0%, 平滑度0.0014
2025-09-24 21:13:03,150 - INFO -   5段: ✅ 成功率100.0%, 平滑度0.0014
2025-09-24 21:13:03,150 - INFO - Episode 30 完成: 3/4 成功
2025-09-24 21:13:03,157 - INFO - 开始合成 Episode 31, 轨迹长度: 198
2025-09-24 21:13:06,342 - INFO -   2段: ✅ 成功率100.0%, 平滑度0.0048
2025-09-24 21:13:11,340 - INFO -   3段: ✅ 成功率100.0%, 平滑度0.0033
2025-09-24 21:13:20,233 - INFO -   4段: ✅ 成功率100.0%, 平滑度0.0037
2025-09-24 21:13:30,919 - INFO -   5段: ✅ 成功率100.0%, 平滑度0.0012
2025-09-24 21:13:30,919 - INFO - Episode 31 完成: 4/4 成功
2025-09-24 21:13:30,927 - INFO - 开始合成 Episode 32, 轨迹长度: 207
2025-09-24 21:13:34,326 - INFO -   2段: ✅ 成功率100.0%, 平滑度0.0138
2025-09-24 21:13:40,313 - INFO -   3段: ✅ 成功率100.0%, 平滑度0.0081
2025-09-24 21:13:48,872 - INFO -   4段: ✅ 成功率100.0%, 平滑度0.0032
2025-09-24 21:14:00,042 - INFO -   5段: ✅ 成功率100.0%, 平滑度0.0016
2025-09-24 21:14:00,042 - INFO - Episode 32 完成: 4/4 成功
2025-09-24 21:14:00,053 - INFO - 开始合成 Episode 33, 轨迹长度: 281
2025-09-24 21:14:05,255 - INFO -   2段: ✅ 成功率100.0%, 平滑度0.0037
2025-09-24 21:14:12,667 - INFO -   3段: ✅ 成功率100.0%, 平滑度0.0028
2025-09-24 21:14:24,814 - INFO -   4段: ✅ 成功率100.0%, 平滑度0.0017
2025-09-24 21:14:37,930 - INFO -   5段: ✅ 成功率100.0%, 平滑度0.0013
2025-09-24 21:14:37,930 - INFO - Episode 33 完成: 4/4 成功
2025-09-24 21:14:37,939 - INFO - 开始合成 Episode 34, 轨迹长度: 259
2025-09-24 21:14:42,172 - INFO -   2段: ✅ 成功率100.0%, 平滑度0.0080
2025-09-24 21:14:49,071 - INFO -   3段: ✅ 成功率100.0%, 平滑度0.0039
2025-09-24 21:14:58,914 - INFO -   4段: ✅ 成功率100.0%, 平滑度0.0031
2025-09-24 21:15:13,257 - INFO -   5段: ✅ 成功率100.0%, 平滑度0.0022
2025-09-24 21:15:13,257 - INFO - Episode 34 完成: 4/4 成功
2025-09-24 21:15:13,267 - INFO - 开始合成 Episode 35, 轨迹长度: 297
2025-09-24 21:15:18,466 - INFO -   2段: ✅ 成功率100.0%, 平滑度0.0076
2025-09-24 21:15:26,003 - INFO -   3段: ✅ 成功率100.0%, 平滑度0.0049
2025-09-24 21:15:37,814 - INFO -   4段: ✅ 成功率100.0%, 平滑度0.0032
2025-09-24 21:15:54,444 - INFO -   5段: ✅ 成功率100.0%, 平滑度0.0024
2025-09-24 21:15:54,445 - INFO - Episode 35 完成: 4/4 成功
2025-09-24 21:15:54,462 - INFO - 开始合成 Episode 36, 轨迹长度: 435
2025-09-24 21:15:54,468 - ERROR -   2段: ❌ 合成完全失败
2025-09-24 21:16:07,116 - INFO -   3段: ✅ 成功率100.0%, 平滑度0.0038
2025-09-24 21:16:24,529 - INFO -   4段: ✅ 成功率100.0%, 平滑度0.0018
2025-09-24 21:16:46,734 - INFO -   5段: ✅ 成功率100.0%, 平滑度0.0017
2025-09-24 21:16:46,734 - INFO - Episode 36 完成: 3/4 成功
2025-09-24 21:16:46,743 - INFO - 开始合成 Episode 37, 轨迹长度: 210
2025-09-24 21:16:50,745 - INFO -   2段: ✅ 成功率100.0%, 平滑度0.0148
2025-09-24 21:16:56,634 - INFO -   3段: ✅ 成功率100.0%, 平滑度0.0103
2025-09-24 21:17:05,395 - INFO -   4段: ✅ 成功率100.0%, 平滑度0.0038
2025-09-24 21:17:17,314 - INFO -   5段: ✅ 成功率100.0%, 平滑度0.0025
2025-09-24 21:17:17,315 - INFO - Episode 37 完成: 4/4 成功
2025-09-24 21:17:17,323 - INFO - 开始合成 Episode 38, 轨迹长度: 225
2025-09-24 21:17:20,531 - INFO -   2段: ✅ 成功率100.0%, 平滑度0.0145
2025-09-24 21:17:25,989 - INFO -   3段: ✅ 成功率100.0%, 平滑度0.0069
2025-09-24 21:17:34,448 - INFO -   4段: ✅ 成功率100.0%, 平滑度0.0061
2025-09-24 21:17:46,360 - INFO -   5段: ✅ 成功率100.0%, 平滑度0.0039
2025-09-24 21:17:46,360 - INFO - Episode 38 完成: 4/4 成功
2025-09-24 21:17:46,392 - INFO - 开始合成 Episode 39, 轨迹长度: 684
2025-09-24 21:17:58,798 - INFO -   2段: ✅ 成功率100.0%, 平滑度0.0059
2025-09-24 21:18:18,199 - INFO -   3段: ✅ 成功率100.0%, 平滑度0.0034
2025-09-24 21:18:44,789 - INFO -   4段: ✅ 成功率100.0%, 平滑度0.0027
2025-09-24 21:19:21,427 - INFO -   5段: ✅ 成功率100.0%, 平滑度0.0017
2025-09-24 21:19:21,427 - INFO - Episode 39 完成: 4/4 成功
2025-09-24 21:19:21,453 - INFO - 开始合成 Episode 40, 轨迹长度: 833
2025-09-24 21:19:35,511 - INFO -   2段: ✅ 成功率100.0%, 平滑度0.0110
2025-09-24 21:19:58,347 - INFO -   3段: ✅ 成功率100.0%, 平滑度0.0059
2025-09-24 21:20:34,866 - INFO -   4段: ✅ 成功率100.0%, 平滑度0.0073
2025-09-24 21:21:18,830 - INFO -   5段: ✅ 成功率100.0%, 平滑度0.0031
2025-09-24 21:21:18,830 - INFO - Episode 40 完成: 4/4 成功
2025-09-24 21:21:18,835 - INFO - 开始合成 Episode 41, 轨迹长度: 89
2025-09-24 21:21:20,287 - INFO -   2段: ✅ 成功率100.0%, 平滑度0.0078
2025-09-24 21:21:22,366 - INFO -   3段: ✅ 成功率100.0%, 平滑度0.0034
2025-09-24 21:21:25,449 - INFO -   4段: ✅ 成功率100.0%, 平滑度0.0041
2025-09-24 21:21:30,453 - INFO -   5段: ✅ 成功率100.0%, 平滑度0.0014
2025-09-24 21:21:30,453 - INFO - Episode 41 完成: 4/4 成功
2025-09-24 21:21:30,464 - INFO - 开始合成 Episode 42, 轨迹长度: 331
2025-09-24 21:21:36,311 - INFO -   2段: ✅ 成功率100.0%, 平滑度0.0074
2025-09-24 21:21:36,329 - ERROR -   3段: ❌ 合成完全失败
2025-09-24 21:21:50,203 - INFO -   4段: ✅ 成功率100.0%, 平滑度0.0022
2025-09-24 21:22:07,912 - INFO -   5段: ✅ 成功率100.0%, 平滑度0.0021
2025-09-24 21:22:07,913 - INFO - Episode 42 完成: 3/4 成功
2025-09-24 21:22:07,919 - INFO - 开始合成 Episode 43, 轨迹长度: 158
2025-09-24 21:22:10,520 - INFO -   2段: ✅ 成功率100.0%, 平滑度0.0078
2025-09-24 21:22:14,637 - INFO -   3段: ✅ 成功率100.0%, 平滑度0.0049
2025-09-24 21:22:20,743 - INFO -   4段: ✅ 成功率100.0%, 平滑度0.0051
2025-09-24 21:22:29,913 - INFO -   5段: ✅ 成功率100.0%, 平滑度0.0038
2025-09-24 21:22:29,913 - INFO - Episode 43 完成: 4/4 成功
2025-09-24 21:22:29,925 - INFO - 开始合成 Episode 44, 轨迹长度: 390
2025-09-24 21:22:36,474 - INFO -   2段: ✅ 成功率100.0%, 平滑度0.0055
2025-09-24 21:22:46,934 - INFO -   3段: ✅ 成功率100.0%, 平滑度0.0025
2025-09-24 21:23:01,255 - INFO -   4段: ✅ 成功率100.0%, 平滑度0.0017
2025-09-24 21:23:24,843 - INFO -   5段: ✅ 成功率100.0%, 平滑度0.0017
2025-09-24 21:23:24,844 - INFO - Episode 44 完成: 4/4 成功
2025-09-24 21:23:24,856 - INFO - 开始合成 Episode 45, 轨迹长度: 293
2025-09-24 21:23:30,074 - INFO -   2段: ✅ 成功率100.0%, 平滑度0.0095
2025-09-24 21:23:30,081 - ERROR -   3段: ❌ 合成完全失败
2025-09-24 21:23:41,802 - INFO -   4段: ✅ 成功率100.0%, 平滑度0.0038
2025-09-24 21:23:56,867 - INFO -   5段: ✅ 成功率100.0%, 平滑度0.0025
2025-09-24 21:23:56,867 - INFO - Episode 45 完成: 3/4 成功
2025-09-24 21:23:56,868 - INFO - 报告已生成: /home/cx/AET_FOR_RL/vla/synthesized_data/soft_arm_morphology_synthesis
2025-09-24 21:23:56,868 - INFO - 🎉 合成完成! 总成功率: 168/184 = 91.3%
